<?xml version="1.0" encoding="UTF-8" ?>
<testsuite tests="67" failures="0" name="br.edu.sr.ifes.bdd.teste.BDDTest" time="0.22" errors="0" skipped="16">
  <properties>
[...]
</properties>
  <testcase classname="Scenario: a few cukes" name="Given I have 42 cukes in my belly" time="0.076"/>
  <testcase classname="Scenario: a few cukes" name="When I wait 1 hour" time="0"/>
  <testcase classname="Scenario: a few cukes" name="Then my belly should growl" time="0"/>
  <testcase classname="Scenario: a few cukes" name="Scenario: a few cukes" time="0.001"/>
  <testcase classname="Scenario: informando o n\u00FAmero I" name="Given Eu tenho o n\u00FAmero \&quot;I\&quot;" time="0"/>
  <testcase classname="Scenario: informando o n\u00FAmero I" name="When Eu quero converter para um n\u00FAmero natural" time="0"/>
  <testcase classname="Scenario: informando o n\u00FAmero I" name="Then Eu tenho o n\u00FAmero 1 como resultado" time="0.001">
    <skipped/>
  </testcase>
  <testcase classname="Scenario: informando o n\u00FAmero I" name="Scenario: informando o n\u00FAmero I" time="0.002">
    <skipped/>
  </testcase>
  <testcase classname="Scenario: informando o n\u00FAmero I" name="Scenario: informando o n\u00FAmero I" time="0.002"/>
  <testcase classname="Scenario: informando o n\u00FAmero II" name="Given Eu tenho o n\u00FAmero \&quot;II\&quot;" time="0.001"/>
  <testcase classname="Scenario: informando o n\u00FAmero II" name="When Eu quero converter para um n\u00FAmero natural" time="0.007"/>
  <testcase classname="Scenario: informando o n\u00FAmero II" name="Then Eu tenho o n\u00FAmero 2 como resultado" time="0.008">
    <skipped/>
  </testcase>
  <testcase classname="Scenario: informando o n\u00FAmero II" name="Scenario: informando o n\u00FAmero II" time="0.009">
    <skipped/>
  </testcase>
  <testcase classname="Scenario: informando o n\u00FAmero II" name="Scenario: informando o n\u00FAmero II" time="0.009"/>
  <testcase classname="Scenario: informando o n\u00FAmero IX" name="Given Eu tenho o n\u00FAmero \&quot;IX\&quot;" time="0"/>
  <testcase classname="Scenario: informando o n\u00FAmero IX" name="When Eu quero converter para um n\u00FAmero natural" time="0"/>
  <testcase classname="Scenario: informando o n\u00FAmero IX" name="Then Eu tenho o n\u00FAmero 9 como resultado" time="0">
    <skipped/>
  </testcase>
  <testcase classname="Scenario: informando o n\u00FAmero IX" name="Scenario: informando o n\u00FAmero IX" time="0.001">
    <skipped/>
  </testcase>
  <testcase classname="Scenario: informando o n\u00FAmero IX" name="Scenario: informando o n\u00FAmero IX" time="0.002"/>
  <testcase classname="Scenario: informando o n\u00FAmero XXI" name="Given Eu tenho o n\u00FAmero \&quot;XXI\&quot;" time="0"/>
  <testcase classname="Scenario: informando o n\u00FAmero XXI" name="When Eu quero converter para um n\u00FAmero natural" time="0.001"/>
  <testcase classname="Scenario: informando o n\u00FAmero XXI" name="Then Eu tenho o n\u00FAmero 21 como resultado" time="0.001">
    <skipped/>
  </testcase>
  <testcase classname="Scenario: informando o n\u00FAmero XXI" name="Scenario: informando o n\u00FAmero XXI" time="0.003">
    <skipped/>
  </testcase>
  <testcase classname="Scenario: informando o n\u00FAmero XXI" name="Scenario: informando o n\u00FAmero XXI" time="0.004"/>
  <testcase classname="| I | 1 |" name="Given Eu tenho o n\u00FAmero \&quot;I\&quot;" time="0.007"/>
  <testcase classname="| I | 1 |" name="When Eu quero converter para um n\u00FAmero natural" time="0"/>
  <testcase classname="| I | 1 |" name="Then Eu tenho o n\u00FAmero 1 como resultado" time="0">
    <skipped/>
  </testcase>
  <testcase classname="| I | 1 |" name="| I | 1 |" time="0">
    <skipped/>
  </testcase>
  <testcase classname="| I | 1 |" name="| I | 1 |" time="0"/>
  <testcase classname="| II | 2 |" name="Given Eu tenho o n\u00FAmero \&quot;II\&quot;" time="0.001"/>
  <testcase classname="| II | 2 |" name="When Eu quero converter para um n\u00FAmero natural" time="0"/>
  <testcase classname="| II | 2 |" name="Then Eu tenho o n\u00FAmero 2 como resultado" time="0.001">
    <skipped/>
  </testcase>
  <testcase classname="| II | 2 |" name="| II | 2 |" time="0.005">
    <skipped/>
  </testcase>
  <testcase classname="| II | 2 |" name="| II | 2 |" time="0.006"/>
  <testcase classname="| IX | 9 |" name="Given Eu tenho o n\u00FAmero \&quot;IX\&quot;" time="0"/>
  <testcase classname="| IX | 9 |" name="When Eu quero converter para um n\u00FAmero natural" time="0"/>
  <testcase classname="| IX | 9 |" name="Then Eu tenho o n\u00FAmero 9 como resultado" time="0">
    <skipped/>
  </testcase>
  <testcase classname="| IX | 9 |" name="| IX | 9 |" time="0.004">
    <skipped/>
  </testcase>
  <testcase classname="| IX | 9 |" name="| IX | 9 |" time="0.005"/>
  <testcase classname="| XXI | 21 |" name="Given Eu tenho o n\u00FAmero \&quot;XXI\&quot;" time="0.001"/>
  <testcase classname="| XXI | 21 |" name="When Eu quero converter para um n\u00FAmero natural" time="0.013"/>
  <testcase classname="| XXI | 21 |" name="Then Eu tenho o n\u00FAmero 21 como resultado" time="0.014">
    <skipped/>
  </testcase>
  <testcase classname="| XXI | 21 |" name="| XXI | 21 |" time="0.014">
    <skipped/>
  </testcase>
  <testcase classname="| XXI | 21 |" name="| XXI | 21 |" time="0.016"/>
  <testcase classname="Scenario: " name="Given a board like this:" time="0"/>
  <testcase classname="Scenario: " name="When player x plays in row 2\u002C column 1" time="0"/>
  <testcase classname="Scenario: " name="Then the board should look like this:" time="0.001"/>
  <testcase classname="Scenario: " name="Scenario: " time="0.001"/>
  <testcase classname="| 500 | 50 | 50 | 450 |" name="Given I have 500 in my account" time="0"/>
  <testcase classname="| 500 | 50 | 50 | 450 |" name="When I choose to withdraw the fixed amount of 50" time="0"/>
  <testcase classname="| 500 | 50 | 50 | 450 |" name="Then I should receive 50 cash" time="0"/>
  <testcase classname="| 500 | 50 | 50 | 450 |" name="And the balance of my account should be 450" time="0"/>
  <testcase classname="| 500 | 50 | 50 | 450 |" name="| 500 | 50 | 50 | 450 |" time="0"/>
  <testcase classname="| 500 | 100 | 100 | 400 |" name="Given I have 500 in my account" time="0.001"/>
  <testcase classname="| 500 | 100 | 100 | 400 |" name="When I choose to withdraw the fixed amount of 100" time="0"/>
  <testcase classname="| 500 | 100 | 100 | 400 |" name="Then I should receive 100 cash" time="0"/>
  <testcase classname="| 500 | 100 | 100 | 400 |" name="And the balance of my account should be 400" time="0"/>
  <testcase classname="| 500 | 100 | 100 | 400 |" name="| 500 | 100 | 100 | 400 |" time="0.001"/>
  <testcase classname="| 500 | 200 | 200 | 300 |" name="Given I have 500 in my account" time="0"/>
  <testcase classname="| 500 | 200 | 200 | 300 |" name="When I choose to withdraw the fixed amount of 200" time="0"/>
  <testcase classname="| 500 | 200 | 200 | 300 |" name="Then I should receive 200 cash" time="0"/>
  <testcase classname="| 500 | 200 | 200 | 300 |" name="And the balance of my account should be 300" time="0"/>
  <testcase classname="| 500 | 200 | 200 | 300 |" name="| 500 | 200 | 200 | 300 |" time="0"/>
  <testcase classname="Cen\u00E1rio: Um pouco de pepinos" name="Dado Eu tenho 42 pepinos na minha barriga" time="0"/>
  <testcase classname="Cen\u00E1rio: Um pouco de pepinos" name="Quando Eu espero 1 hora" time="0.001"/>
  <testcase classname="Cen\u00E1rio: Um pouco de pepinos" name="Ent\u00E3o Minha barriga deve rosnar" time="0"/>
  <testcase classname="Cen\u00E1rio: Um pouco de pepinos" name="Cen\u00E1rio: Um pouco de pepinos" time="0"/>
</testsuite>